<?xml version="1.0" encoding="UTF-8"?>
<!-- Generated by org.testng.reporters.JUnitReportReporter -->
<testsuite hostname="DESKTOP-CTTM3RR" failures="0" tests="1" name="health.Tests.ErrorVal" time="24.468" errors="0" timestamp="22 May 2024 00:50:54 GMT" skipped="0">
  <testcase classname="health.Tests.ErrorVal" name="error" time="24.468"/>
</testsuite> <!-- health.Tests.ErrorVal -->
