<?xml version="1.0" encoding="UTF-8"?>
<!-- Generated by org.testng.reporters.JUnitReportReporter -->
<testsuite hostname="DESKTOP-CTTM3RR" failures="0" tests="1" name="health.Tests.Finaltest" time="57.113" errors="0" timestamp="06 Apr 2024 05:56:54 GMT" skipped="0">
  <testcase classname="health.Tests.Finaltest" name="start" time="57.113"/>
</testsuite> <!-- health.Tests.Finaltest -->
