<?xml version="1.0" encoding="UTF-8"?>
<!-- Generated by org.testng.reporters.JUnitReportReporter -->
<testsuite hostname="DESKTOP-CTTM3RR" failures="0" tests="1" name="health.Tests.Finaltest" time="152.223" errors="0" timestamp="04 Apr 2024 16:37:31 GMT" skipped="0">
  <testcase classname="health.Tests.Finaltest" name="start" time="152.223"/>
</testsuite> <!-- health.Tests.Finaltest -->
