<?xml version="1.0" encoding="UTF-8"?>
<!-- Generated by org.testng.reporters.JUnitReportReporter -->
<testsuite hostname="DESKTOP-CTTM3RR" failures="0" tests="1" name="health.Tests.ErrorVal" time="35.283" errors="0" timestamp="06 Apr 2024 06:05:05 GMT" skipped="0">
  <testcase classname="health.Tests.ErrorVal" name="error" time="35.283"/>
</testsuite> <!-- health.Tests.ErrorVal -->
